Change Component Footprint: Designator=C10 Old Footprint=C0402 New Footprint=C0603
Change Component Footprint: Designator=C42 Old Footprint=C0402 New Footprint=C0603
Change Component Footprint: Designator=C21 Old Footprint=C0402 New Footprint=C0805
Change Component Footprint: Designator=C22 Old Footprint=C0402 New Footprint=C0805
Change Component Footprint: Designator=C51 Old Footprint=C0402 New Footprint=C0805
Change Component Footprint: Designator=C53 Old Footprint=C0402 New Footprint=C0805
Change Component Footprint: Designator=C55 Old Footprint=C0402 New Footprint=C0805
Change Component Footprint: Designator=C57 Old Footprint=C0402 New Footprint=C0805
Change Component Footprint: Designator=C4 Old Footprint=CAP_TAN-A New Footprint=CAP_TAN-D
Change Component Footprint: Designator=C5 Old Footprint=CAP_TAN-A New Footprint=CAP_TAN-D
Change Component Footprint: Designator=R10 Old Footprint=R0603 New Footprint=R0805
Change Component Footprint: Designator=R20 Old Footprint=R0603 New Footprint=R0805
Change Component Footprint: Designator=R23 Old Footprint=R0603 New Footprint=R0805
Change Component Comment : Designator=C47 Old Comment=1uF New Comment=10uF
Change Component Comment : Designator=R11 Old Comment=10K New Comment=5K
Change Component Designator: OldDesignator=C51 NewDesignator=C53
Change Component Designator: OldDesignator=C52 NewDesignator=C54
Change Component Designator: OldDesignator=C53 NewDesignator=C51
Change Component Designator: OldDesignator=C54 NewDesignator=C52
Change Component Designator: OldDesignator=LED3 NewDesignator=LED2
Change Component Designator: OldDesignator=LED4 NewDesignator=LED3
Change Component Designator: OldDesignator=LED5 NewDesignator=LED4
Change Component Designator: OldDesignator=SB12 NewDesignator=SB13
Change Component Designator: OldDesignator=SB13 NewDesignator=SB12
Change component parameters: Designator = "C47"; Footprint = "C0805"; UniqueID = "\INVKQOUC"
Change component parameters. Clean all parameters for all variants
Change component parameters (AddParameter): Name = "Value"; Value = "10uF"; VariantName = "[No Variations]"
Change component parameters: Designator = "R11"; Footprint = "EVM3"; UniqueID = "\EAWVBOPJ"
Change component parameters. Clean all parameters for all variants
Change component parameters (AddParameter): Name = "Value"; Value = "5K"; VariantName = "[No Variations]"
Change Net Name : Old Net Name=NetLED3_2 New Net Name=NetLED2_2
Change Net Name : Old Net Name=NetLED4_1 New Net Name=NetLED3_1
Change Net Name : Old Net Name=NetLED5_1 New Net Name=NetLED4_1
