Removed Pin From Net: NetName=NetLED1_3 Pin=MCU1-63
Removed Pin From Net: NetName=NetLED1_2 Pin=MCU1-65
Removed Pin From Net: NetName=NetLED1_4 Pin=MCU1-66
Removed Pin From Net: NetName=NetC54_1 Pin=SB9-1
Change Component Designator: OldDesignator=C12 NewDesignator=C13
Change Component Designator: OldDesignator=C13 NewDesignator=C12
Change Component Designator: OldDesignator=C29 NewDesignator=C32
Change Component Designator: OldDesignator=C30 NewDesignator=C36
Change Component Designator: OldDesignator=C31 NewDesignator=C37
Change Component Designator: OldDesignator=C32 NewDesignator=C38
Change Component Designator: OldDesignator=C33 NewDesignator=C39
Change Component Designator: OldDesignator=C34 NewDesignator=C40
Change Component Designator: OldDesignator=C35 NewDesignator=C41
Change Component Designator: OldDesignator=C36 NewDesignator=C42
Change Component Designator: OldDesignator=C37 NewDesignator=C43
Change Component Designator: OldDesignator=C38 NewDesignator=C44
Change Component Designator: OldDesignator=C39 NewDesignator=C45
Change Component Designator: OldDesignator=C40 NewDesignator=C46
Change Component Designator: OldDesignator=C41 NewDesignator=C47
Change Component Designator: OldDesignator=C42 NewDesignator=C48
Change Component Designator: OldDesignator=C43 NewDesignator=C49
Change Component Designator: OldDesignator=C44 NewDesignator=C54
Change Component Designator: OldDesignator=C45 NewDesignator=C55
Change Component Designator: OldDesignator=C46 NewDesignator=C56
Change Component Designator: OldDesignator=C47 NewDesignator=C57
Change Component Designator: OldDesignator=C48 NewDesignator=C58
Change Component Designator: OldDesignator=C49 NewDesignator=C50
Change Component Designator: OldDesignator=C50 NewDesignator=C51
Change Component Designator: OldDesignator=C51 NewDesignator=C52
Change Component Designator: OldDesignator=C52 NewDesignator=C53
Change Component Designator: OldDesignator=C53 NewDesignator=C60
Change Component Designator: OldDesignator=C54 NewDesignator=C59
Change Component Designator: OldDesignator=C55 NewDesignator=C35
Change Component Designator: OldDesignator=C56 NewDesignator=C29
Change Component Designator: OldDesignator=C57 NewDesignator=C30
Change Component Designator: OldDesignator=C58 NewDesignator=C31
Change Component Designator: OldDesignator=C59 NewDesignator=C34
Change Component Designator: OldDesignator=C60 NewDesignator=C33
Change Component Designator: OldDesignator=R1 NewDesignator=R3
Change Component Designator: OldDesignator=R2 NewDesignator=R4
Change Component Designator: OldDesignator=R3 NewDesignator=R5
Change Component Designator: OldDesignator=R4 NewDesignator=R9
Change Component Designator: OldDesignator=R5 NewDesignator=R10
Change Component Designator: OldDesignator=R6 NewDesignator=R11
Change Component Designator: OldDesignator=R7 NewDesignator=R12
Change Component Designator: OldDesignator=R8 NewDesignator=R13
Change Component Designator: OldDesignator=R9 NewDesignator=R14
Change Component Designator: OldDesignator=R10 NewDesignator=R15
Change Component Designator: OldDesignator=R11 NewDesignator=R16
Change Component Designator: OldDesignator=R12 NewDesignator=R17
Change Component Designator: OldDesignator=R13 NewDesignator=R18
Change Component Designator: OldDesignator=R14 NewDesignator=R19
Change Component Designator: OldDesignator=R15 NewDesignator=R20
Change Component Designator: OldDesignator=R16 NewDesignator=R21
Change Component Designator: OldDesignator=R17 NewDesignator=R22
Change Component Designator: OldDesignator=R18 NewDesignator=R23
Change Component Designator: OldDesignator=R19 NewDesignator=R24
Change Component Designator: OldDesignator=R20 NewDesignator=R25
Change Component Designator: OldDesignator=R21 NewDesignator=R26
Change Component Designator: OldDesignator=R22 NewDesignator=R27
Change Component Designator: OldDesignator=R23 NewDesignator=R28
Change Component Designator: OldDesignator=R24 NewDesignator=R29
Change Component Designator: OldDesignator=R25 NewDesignator=R30
Change Component Designator: OldDesignator=R26 NewDesignator=R1
Change Component Designator: OldDesignator=R27 NewDesignator=R2
Added Component: Designator=R6(R0603)
Add component. Clean all parameters for all variants
Add component (AddParameter): Name = "Value"; Value = "220"; VariantName = "[No Variations]"
Added Component: Designator=R7(R0603)
Add component. Clean all parameters for all variants
Add component (AddParameter): Name = "Value"; Value = "220"; VariantName = "[No Variations]"
Added Component: Designator=R8(R0603)
Add component. Clean all parameters for all variants
Add component (AddParameter): Name = "Value"; Value = "220"; VariantName = "[No Variations]"
Added Pin To Net: NetName=NetLED1_4 Pin=R6-1
Added Pin To Net: NetName=NetLED1_3 Pin=R7-1
Added Pin To Net: NetName=NetLED1_2 Pin=R8-2
Added Pin To Net: NetName=NetC54_1 Pin=SB10-1
Change Net Name : Old Net Name=NetC12_1 New Net Name=NetC13_1
Change Net Name : Old Net Name=NetC30_2 New Net Name=NetC36_2
Change Net Name : Old Net Name=NetC33_1 New Net Name=NetC39_1
Change Net Name : Old Net Name=NetC33_2 New Net Name=NetC39_2
Change Net Name : Old Net Name=NetC37_2 New Net Name=NetC43_2
Change Net Name : Old Net Name=NetC38_1 New Net Name=NetC44_1
Change Net Name : Old Net Name=NetC39_2 New Net Name=NetC45_2
Change Net Name : Old Net Name=NetC42_2 New Net Name=NetC48_2
Change Net Name : Old Net Name=NetC43_1 New Net Name=NetC49_1
Change Net Name : Old Net Name=NetC43_2 New Net Name=NetC49_2
Change Net Name : Old Net Name=NetC46_2 New Net Name=NetC52_2
Change Net Name : Old Net Name=NetC48_2 New Net Name=NetC58_2
Change Net Name : Old Net Name=NetC53_1 New Net Name=NetC60_1
Change Net Name : Old Net Name=NetC54_1 New Net Name=NetC59_1
Change Net Name : Old Net Name=NetR2_1 New Net Name=NetR4_1
Change Net Name : Old Net Name=NetR3_2 New Net Name=NetR5_2
Change Net Name : Old Net Name=NetR13_1 New Net Name=NetR18_1
Change Net Name : Old Net Name=NetR16_2 New Net Name=NetR21_2
Added Pin To Net: NetName=NetC48_1 Pin=C48-1
Added Pin To Net: NetName=NetC48_1 Pin=SB9-1
Added Pin To Net: NetName=NetC48_1 Pin=ZQ2-1
Added Net: Name=NetC48_1
Added Pin To Net: NetName=NetMCU1_63 Pin=MCU1-63
Added Pin To Net: NetName=NetMCU1_63 Pin=R7-2
Added Net: Name=NetMCU1_63
Added Pin To Net: NetName=NetMCU1_65 Pin=MCU1-65
Added Pin To Net: NetName=NetMCU1_65 Pin=R8-1
Added Net: Name=NetMCU1_65
Added Pin To Net: NetName=NetMCU1_66 Pin=MCU1-66
Added Pin To Net: NetName=NetMCU1_66 Pin=R6-2
Added Net: Name=NetMCU1_66
Added Pin To Net: NetName=NetR30_2 Pin=R30-2
Added Pin To Net: NetName=NetR30_2 Pin=SB9-2
Added Net: Name=NetR30_2
Added Member To Class: ClassName=pPsch Member=Component R28 5.1K
Added Member To Class: ClassName=pPsch Member=Component R29 1K
Added Member To Class: ClassName=pPsch Member=Component R30 NC7SZ14
Added Room: Name=pPsch
