Change Component Footprint: Designator=R10 Old Footprint=R0805 New Footprint=R0603
Change Component Footprint: Designator=R20 Old Footprint=R0805 New Footprint=R0603
Change Component Footprint: Designator=R23 Old Footprint=R0805 New Footprint=R0603
Added Member To Class: ClassName=pPsch Member=Component C37 2.2uF
Added Member To Class: ClassName=pPsch Member=Component C39 2.2uF
Added Member To Class: ClassName=pPsch Member=Component C41 2.2nF
Added Member To Class: ClassName=pPsch Member=Component C42 100nF
Added Member To Class: ClassName=pPsch Member=Component C44 1uF
Added Member To Class: ClassName=pPsch Member=Component C45 32pF
Added Member To Class: ClassName=pPsch Member=Component C47 1uF
Added Member To Class: ClassName=pPsch Member=Component C49 22pF
Added Member To Class: ClassName=pPsch Member=Component C51 10uF
Added Member To Class: ClassName=pPsch Member=Component C52 100nF
Added Member To Class: ClassName=pPsch Member=Component C54 100nF
Added Member To Class: ClassName=pPsch Member=Component C56 100nF
Added Member To Class: ClassName=pPsch Member=Component C58 100nF
Added Member To Class: ClassName=pPsch Member=Component C60 22pF
Added Member To Class: ClassName=pPsch Member=Component C61 12pF
Added Member To Class: ClassName=pPsch Member=Component LED2 GNL5012
Added Member To Class: ClassName=pPsch Member=Component LED3 GNL5012
Added Member To Class: ClassName=pPsch Member=Component R10 170
Added Member To Class: ClassName=pPsch Member=Component R12 68
Added Member To Class: ClassName=pPsch Member=Component R13 100
Added Member To Class: ClassName=pPsch Member=Component R15 47K
Added Member To Class: ClassName=pPsch Member=Component R16 47K
Added Member To Class: ClassName=pPsch Member=Component R18 100
Added Member To Class: ClassName=pPsch Member=Component R20 220
Added Member To Class: ClassName=pPsch Member=Component R21 68
Added Member To Class: ClassName=pPsch Member=Component R23 170
Added Member To Class: ClassName=pPsch Member=Component R25 4.7K
Added Member To Class: ClassName=pPsch Member=Component R26 100K
Added Member To Class: ClassName=pPsch Member=Component R27 470
Added Member To Class: ClassName=pPsch Member=Component R28 47K
Added Member To Class: ClassName=pPsch Member=Component R29 470
Added Member To Class: ClassName=pPsch Member=Component R30 10K
Added Member To Class: ClassName=pPsch Member=Component VD1 1N5817
