Removed Pin From Net: NetName=NetC42_1 Pin=SB9-1
Added Component: Designator=LED1(LED-3528)
Add component. Clean all parameters for all variants
Add component (AddParameter): Name = "Name"; Value = "3528"; VariantName = "[No Variations]"
Added Component: Designator=R26(R0805)
Add component. Clean all parameters for all variants
Add component (AddParameter): Name = "Value"; Value = "10K"; VariantName = "[No Variations]"
Added Component: Designator=R27(R0805)
Add component. Clean all parameters for all variants
Add component (AddParameter): Name = "Value"; Value = "10K"; VariantName = "[No Variations]"
Added Pin To Net: NetName=NetC3_1 Pin=LED1-1
Added Pin To Net: NetName=NetMCU1_93 Pin=R26-1
Added Pin To Net: NetName=NetC3_1 Pin=R26-2
Added Pin To Net: NetName=NetMCU1_92 Pin=R27-1
Added Pin To Net: NetName=NetC3_1 Pin=R27-2
Added Pin To Net: NetName=NetC54_1 Pin=SB9-1
Added Pin To Net: NetName=NetLED1_2 Pin=LED1-2
Added Pin To Net: NetName=NetLED1_2 Pin=MCU1-65
Added Net: Name=NetLED1_2
Added Pin To Net: NetName=NetLED1_3 Pin=LED1-3
Added Pin To Net: NetName=NetLED1_3 Pin=MCU1-63
Added Net: Name=NetLED1_3
Added Pin To Net: NetName=NetLED1_4 Pin=LED1-4
Added Pin To Net: NetName=NetLED1_4 Pin=MCU1-66
Added Net: Name=NetLED1_4
Added Member To Class: ClassName=pPsch Member=Component LED1 3528
Added Member To Class: ClassName=pPsch Member=Component R26 10K
Added Member To Class: ClassName=pPsch Member=Component R27 10K
